mode: set
_\D_\Users\Юличка\gopath\src\github.com\oreuta\elementary-service\src\models\sequence\sequence.go:11.103,12.43 1 1
_\D_\Users\Юличка\gopath\src\github.com\oreuta\elementary-service\src\models\sequence\sequence.go:15.2,15.88 1 1
_\D_\Users\Юличка\gopath\src\github.com\oreuta\elementary-service\src\models\sequence\sequence.go:18.3,19.8 2 1
_\D_\Users\Юличка\gopath\src\github.com\oreuta\elementary-service\src\models\sequence\sequence.go:12.43,14.3 1 1
_\D_\Users\Юличка\gopath\src\github.com\oreuta\elementary-service\src\models\sequence\sequence.go:15.88,17.3 1 1
_\D_\Users\Юличка\gopath\src\github.com\oreuta\elementary-service\src\models\sequence\sequence.go:24.75,26.6 2 1
_\D_\Users\Юличка\gopath\src\github.com\oreuta\elementary-service\src\models\sequence\sequence.go:36.2,36.16 1 1
_\D_\Users\Юличка\gopath\src\github.com\oreuta\elementary-service\src\models\sequence\sequence.go:39.2,39.8 1 1
_\D_\Users\Юличка\gopath\src\github.com\oreuta\elementary-service\src\models\sequence\sequence.go:26.6,28.28 2 1
_\D_\Users\Юличка\gopath\src\github.com\oreuta\elementary-service\src\models\sequence\sequence.go:34.3,34.6 1 1
_\D_\Users\Юличка\gopath\src\github.com\oreuta\elementary-service\src\models\sequence\sequence.go:28.28,29.32 1 1
_\D_\Users\Юличка\gopath\src\github.com\oreuta\elementary-service\src\models\sequence\sequence.go:32.4,32.25 1 1
_\D_\Users\Юличка\gopath\src\github.com\oreuta\elementary-service\src\models\sequence\sequence.go:29.32,30.10 1 1
_\D_\Users\Юличка\gopath\src\github.com\oreuta\elementary-service\src\models\sequence\sequence.go:36.16,38.3 1 0
_\D_\Users\Юличка\gopath\src\github.com\oreuta\elementary-service\src\models\sequence\sequence.go:43.42,45.2 1 1
